<?xml version="1.0" encoding="UTF-8"?>
<!-- Generated by org.testng.reporters.JUnitReportReporter -->
<testsuite hostname="LAPTOP-KD6JVA8H" failures="0" tests="1" name="browser" time="10.015" errors="0" timestamp="2023-07-30T17:00:50 IST" skipped="0">
  <testcase classname="browser" name="f" time="10.015"/>
</testsuite> <!-- browser -->
